#
# There is insufficient memory for the Java Runtime Environment to continue.
# Native memory allocation (mmap) failed to map 266338304 bytes for G1 virtual space
# Possible reasons:
#   The system is out of physical RAM or swap space
#   The process is running with CompressedOops enabled, and the Java Heap may be blocking the growth of the native heap
# Possible solutions:
#   Reduce memory load on the system
#   Increase physical memory or swap space
#   Check if swap backing store is full
#   Decrease Java heap size (-Xmx/-Xms)
#   Decrease number of Java threads
#   Decrease Java thread stack sizes (-Xss)
#   Set larger code cache with -XX:ReservedCodeCacheSize=
#   JVM is running with Zero Based Compressed Oops mode in which the Java heap is
#     placed in the first 32GB address space. The Java Heap base address is the
#     maximum limit for the native heap growth. Please use -XX:HeapBaseMinAddress
#     to set the Java Heap base and to place the Java Heap above 32GB virtual address.
# This output file may be truncated or incomplete.
#
#  Out of Memory Error (os_windows.cpp:3530), pid=66376, tid=73976
#
# JRE version:  (18.0.1.1+2) (build )
# Java VM: Java HotSpot(TM) 64-Bit Server VM (18.0.1.1+2-6, mixed mode, sharing, tiered, compressed oops, compressed class ptrs, g1 gc, windows-amd64)
# No core dump will be written. Minidumps are not enabled by default on client versions of Windows
#

---------------  S U M M A R Y ------------

Command Line: -XX:+ShowCodeDetailsInExceptionMessages -agentlib:jdwp=transport=dt_socket,suspend=y,address=localhost:59584 -javaagent:C:\Users\kanwaljeetsingh\eclipse\jee-2021-12\eclipse\configuration\org.eclipse.osgi\1042\0\.cp\lib\javaagent-shaded.jar -Dfile.encoding=Cp1252 com.myamazon.utility.NewExcelLibrary

Host: Intel(R) Core(TM) i5-8365U CPU @ 1.60GHz, 8 cores, 15G,  Windows 11 , 64 bit Build 22000 (10.0.22000.675)
Time: Thu Jun  9 23:07:28 2022 India Standard Time elapsed time: 0.598557 seconds (0d 0h 0m 0s)

---------------  T H R E A D  ---------------

Current thread (0x00000164f541b5c0):  JavaThread "Unknown thread" [_thread_in_vm, id=73976, stack(0x00000026ba000000,0x00000026ba100000)]

Stack: [0x00000026ba000000,0x00000026ba100000]
Native frames: (J=compiled Java code, j=interpreted, Vv=VM code, C=native code)
V  [jvm.dll+0x69887a]
V  [jvm.dll+0x7f38bd]
V  [jvm.dll+0x7f51ce]
V  [jvm.dll+0x7f5883]
V  [jvm.dll+0x25ca3f]
V  [jvm.dll+0x6957c9]
V  [jvm.dll+0x68a2fa]
V  [jvm.dll+0x321efb]
V  [jvm.dll+0x3298d6]
V  [jvm.dll+0x37e47e]
V  [jvm.dll+0x37e6af]
V  [jvm.dll+0x2f9c7a]
V  [jvm.dll+0x2facdd]
V  [jvm.dll+0x7c24f0]
V  [jvm.dll+0x38b801]
V  [jvm.dll+0x7a1203]
V  [jvm.dll+0x40d6bf]
V  [jvm.dll+0x40f091]
C  [jli.dll+0x526b]
C  [ucrtbase.dll+0x26c0c]
C  [KERNEL32.DLL+0x154e0]
C  [ntdll.dll+0x485b]


---------------  P R O C E S S  ---------------

Threads class SMR info:
_java_thread_list=0x00007ff826b4d550, length=0, elements={
}

Java Threads: ( => current thread )

Other Threads:
  0x00000164f548e090 WorkerThread "GC Thread#0" [stack: 0x00000026ba100000,0x00000026ba200000] [id=43940]
  0x00000164f549ecd0 ConcurrentGCThread "G1 Main Marker" [stack: 0x00000026ba200000,0x00000026ba300000] [id=65548]
  0x00000164f549f6c0 WorkerThread "G1 Conc#0" [stack: 0x00000026ba300000,0x00000026ba400000] [id=16348]

[error occurred during error reporting (printing all threads), id 0xc0000005, EXCEPTION_ACCESS_VIOLATION (0xc0000005) at pc=0x00007ff82637a217]

VM state: not at safepoint (not fully initialized)

VM Mutex/Monitor currently owned by a thread:  ([mutex/lock_event])
[0x00000164f5416f00] Heap_lock - owner thread: 0x00000164f541b5c0

Heap address: 0x0000000702e00000, size: 4050 MB, Compressed Oops mode: Zero based, Oop shift amount: 3

CDS archive(s) mapped at: [0x0000000000000000-0x0000000000000000-0x0000000000000000), size 0, SharedBaseAddress: 0x0000000800000000, ArchiveRelocationMode: 0.
Narrow klass base: 0x0000000000000000, Narrow klass shift: 0, Narrow klass range: 0x0

GC Precious Log:
 CardTable entry size: 512
 Card Set container configuration: InlinePtr #cards 4 size 8 Array Of Cards #cards 16 size 48 Howl #buckets 8 coarsen threshold 3686 Howl Bitmap #cards 512 size 80 coarsen threshold 460 Card regions per heap region 1 cards per card region 4096

Heap:
 garbage-first heap   total 0K, used 0K [0x0000000702e00000, 0x0000000800000000)
  region size 2048K, 0 young (0K), 0 survivors (0K)

[error occurred during error reporting (printing heap information), id 0xc0000005, EXCEPTION_ACCESS_VIOLATION (0xc0000005) at pc=0x00007ff826760cb9]

GC Heap History (0 events):
No events

Deoptimization events (0 events):
No events

Classes loaded (0 events):
No events

Classes unloaded (0 events):
No events

Classes redefined (0 events):
No events

Internal exceptions (0 events):
No events

VM Operations (0 events):
No events

Events (1 events):
Event: 0.591 Loaded shared library C:\Program Files\Java\jdk-18.0.1.1\bin\java.dll


Dynamic libraries:
0x00007ff6e7960000 - 0x00007ff6e7970000 	C:\Program Files\Java\jdk-18.0.1.1\bin\javaw.exe
0x00007ff8c35a0000 - 0x00007ff8c37a9000 	C:\WINDOWS\SYSTEM32\ntdll.dll
0x00007ff8c2210000 - 0x00007ff8c22cd000 	C:\WINDOWS\System32\KERNEL32.DLL
0x00007ff8c10c0000 - 0x00007ff8c1439000 	C:\WINDOWS\System32\KERNELBASE.dll
0x00007ff8c0cf0000 - 0x00007ff8c0e01000 	C:\WINDOWS\System32\ucrtbase.dll
0x00007ff8ac6f0000 - 0x00007ff8ac70a000 	C:\Program Files\Java\jdk-18.0.1.1\bin\VCRUNTIME140.dll
0x00007ff8b6530000 - 0x00007ff8b6548000 	C:\Program Files\Java\jdk-18.0.1.1\bin\jli.dll
0x00007ff8c33d0000 - 0x00007ff8c347e000 	C:\WINDOWS\System32\ADVAPI32.dll
0x00007ff8c1710000 - 0x00007ff8c17b3000 	C:\WINDOWS\System32\msvcrt.dll
0x00007ff8c25f0000 - 0x00007ff8c268e000 	C:\WINDOWS\System32\sechost.dll
0x00007ff8c1450000 - 0x00007ff8c1570000 	C:\WINDOWS\System32\RPCRT4.dll
0x00007ff8c2970000 - 0x00007ff8c2b1c000 	C:\WINDOWS\System32\USER32.dll
0x00007ff8c0a90000 - 0x00007ff8c0ab6000 	C:\WINDOWS\System32\win32u.dll
0x00007ff8c2040000 - 0x00007ff8c2069000 	C:\WINDOWS\System32\GDI32.dll
0x00007ff8c0b60000 - 0x00007ff8c0c72000 	C:\WINDOWS\System32\gdi32full.dll
0x00007ff8c0ac0000 - 0x00007ff8c0b5d000 	C:\WINDOWS\System32\msvcp_win.dll
0x00007ff8afdb0000 - 0x00007ff8b0055000 	C:\WINDOWS\WinSxS\amd64_microsoft.windows.common-controls_6595b64144ccf1df_6.0.22000.120_none_9d947278b86cc467\COMCTL32.dll
0x00007ff8b5ff0000 - 0x00007ff8b5ffa000 	C:\WINDOWS\SYSTEM32\VERSION.dll
0x00007ff8c2920000 - 0x00007ff8c2951000 	C:\WINDOWS\System32\IMM32.DLL
0x00007ff8ae370000 - 0x00007ff8ae37c000 	C:\Program Files\Java\jdk-18.0.1.1\bin\vcruntime140_1.dll
0x00007ff8ac350000 - 0x00007ff8ac3dd000 	C:\Program Files\Java\jdk-18.0.1.1\bin\msvcp140.dll
0x00007ff826070000 - 0x00007ff826c80000 	C:\Program Files\Java\jdk-18.0.1.1\bin\server\jvm.dll
0x00007ff8c2200000 - 0x00007ff8c2208000 	C:\WINDOWS\System32\PSAPI.DLL
0x00007ff880480000 - 0x00007ff880489000 	C:\WINDOWS\SYSTEM32\WSOCK32.dll
0x00007ff8c23c0000 - 0x00007ff8c242f000 	C:\WINDOWS\System32\WS2_32.dll
0x00007ff8b7fb0000 - 0x00007ff8b7fe3000 	C:\WINDOWS\SYSTEM32\WINMM.dll
0x00007ff8bfb70000 - 0x00007ff8bfb88000 	C:\WINDOWS\SYSTEM32\kernel.appcore.dll
0x00007ff8ae340000 - 0x00007ff8ae34a000 	C:\Program Files\Java\jdk-18.0.1.1\bin\jimage.dll
0x00007ff8bb3e0000 - 0x00007ff8bb601000 	C:\WINDOWS\SYSTEM32\DBGHELP.DLL
0x00007ff8a8de0000 - 0x00007ff8a8e11000 	C:\WINDOWS\SYSTEM32\dbgcore.DLL
0x00007ff8c0e10000 - 0x00007ff8c0e8f000 	C:\WINDOWS\System32\bcryptPrimitives.dll
0x00007ff8ac480000 - 0x00007ff8ac4bb000 	C:\Program Files\Java\jdk-18.0.1.1\bin\jdwp.dll
0x00007ff8ae230000 - 0x00007ff8ae23e000 	C:\Program Files\Java\jdk-18.0.1.1\bin\instrument.dll
0x00007ff8ac180000 - 0x00007ff8ac1a5000 	C:\Program Files\Java\jdk-18.0.1.1\bin\java.dll

dbghelp: loaded successfully - version: 4.0.5 - missing functions: none
symbol engine: initialized successfully - sym options: 0x614 - pdb path: .;C:\Program Files\Java\jdk-18.0.1.1\bin;C:\WINDOWS\SYSTEM32;C:\WINDOWS\WinSxS\amd64_microsoft.windows.common-controls_6595b64144ccf1df_6.0.22000.120_none_9d947278b86cc467;C:\Program Files\Java\jdk-18.0.1.1\bin\server

VM Arguments:
jvm_args: -XX:+ShowCodeDetailsInExceptionMessages -agentlib:jdwp=transport=dt_socket,suspend=y,address=localhost:59584 -javaagent:C:\Users\kanwaljeetsingh\eclipse\jee-2021-12\eclipse\configuration\org.eclipse.osgi\1042\0\.cp\lib\javaagent-shaded.jar -Dfile.encoding=Cp1252 
java_command: com.myamazon.utility.NewExcelLibrary
java_class_path (initial): D:\OneDrive - Nagarro\LEARNING\SELENIUM_PROJECTS\MyAmazonV2\target\classes;C:\Users\kanwaljeetsingh\.p2\pool\plugins\org.testng_7.4.0.r202105021533.jar;C:\Users\kanwaljeetsingh\.p2\pool\plugins\com.beust.jcommander_1.78.0.jar;C:\Users\kanwaljeetsingh\.p2\pool\plugins\org.apache-extras.beanshell.bsh_2.0.0.b6.jar;C:\Users\kanwaljeetsingh\.p2\pool\plugins\org.yaml.snakeyaml_1.21.0.jar;C:\Users\kanwaljeetsingh\.p2\pool\plugins\org.webjars.jquery_3.5.1.jar;C:\Users\kanwaljeetsingh\.m2\repository\org\seleniumhq\selenium\selenium-java\3.141.59\selenium-java-3.141.59.jar;C:\Users\kanwaljeetsingh\.m2\repository\org\seleniumhq\selenium\selenium-api\3.141.59\selenium-api-3.141.59.jar;C:\Users\kanwaljeetsingh\.m2\repository\org\seleniumhq\selenium\selenium-chrome-driver\3.141.59\selenium-chrome-driver-3.141.59.jar;C:\Users\kanwaljeetsingh\.m2\repository\org\seleniumhq\selenium\selenium-edge-driver\3.141.59\selenium-edge-driver-3.141.59.jar;C:\Users\kanwaljeetsingh\.m2\repository\org\seleniumhq\selenium\selenium-firefox-driver\3.141.59\selenium-firefox-driver-3.141.59.jar;C:\Users\kanwaljeetsingh\.m2\repository\org\seleniumhq\selenium\selenium-ie-driver\3.141.59\selenium-ie-driver-3.141.59.jar;C:\Users\kanwaljeetsingh\.m2\repository\org\seleniumhq\selenium\selenium-opera-driver\3.141.59\selenium-opera-driver-3.141.59.jar;C:\Users\kanwaljeetsingh\.m2\repository\org\seleniumhq\selenium\selenium-remote-driver\3.141.59\selenium-remote-driver-3.141.59.jar;C:\Users\kanwaljeetsingh\.m2\repository\org\seleniumhq\selenium\selenium-safari-driver\3.141.59\selenium-safari-driver-3.141.59.jar;C:\Users\kanwaljeetsingh\.m2\repository\org\seleniumhq\selenium\selenium-support\3.141.59\selenium-support-3.141.59.jar;C:\Users\kanwaljeetsingh\.m2\repository\net\bytebuddy\byte-buddy\1.8.15\byte-buddy-1.8.15.jar;C:\Users\kanwaljeetsingh\.m2\repository\org\apache\commons\commons-exec\1.3\commons-exec-1.3.jar;C:\Users\kanwaljeetsingh\.m2\repository\com\google\guava\guava\25.0-jre\guava-25.0-jre.jar;C:\Users\kanwaljeetsingh\.m2\repository\com\google\code\findbugs\jsr305\1.3.9\jsr305-1.3.9.jar;C:\Users\kanwaljeetsingh\.m2\repository\org\checkerframework\checker-compat-qual\2.0.0\checker-compat-qual-2.0.0.jar;C:\Users\kanwaljeetsingh\.m2\repository\com\google\errorprone\error_prone_annotations\2.1.3\error_prone_annotations-2.1.3.jar;C:\Users\kanwaljeetsingh\.m2\repository\com\google\j2objc\j2objc-annotations\1.1\j2objc-annotations-1.1.jar;C:\Users\kanwaljeetsingh\.m2\repository\org\codehaus\mojo\animal-sniffer-annotations\1.14\animal-sniffer-annotations-1.14.jar;C:\Users\kanwaljeetsingh\.m2\repository\com\squareup\okhttp3\okhttp\3.11.0\okhttp-3.11.0.jar;C:\Users\kanwaljeetsingh\.m2\repository\com\squareup\okio\okio\1.14.0\okio-1.14.0.jar;C:\Users\kanwaljeetsingh\.m2\repository\org\testng\testng\7.1.0\testng-7.1.0.jar;C:\Users\kanwaljeetsingh\.m2\repository\com\beust\jcommander\1.72\jcommander-1.72.jar;C:\Users\kanwaljeetsingh\.m2\repository\com\google\inject\guice\4.1.0\guice-4.1.0-no_aop.jar;C:\Users\kanwaljeetsingh\.m2\repository\javax\inject\javax.inject\1\javax.inject-1.jar;C:\Users\kanwaljeetsingh\.m2\repository\aopalliance\aopalliance\1.0\aopalliance-1.0.jar;C:\Users\kanwaljeetsingh\.m2\repository\org\yaml\snakeyaml\1.21\snakeyaml-1.21.jar;C:\Users\kanwaljeetsingh\.m2\repository\org\apache\poi\poi\4.1.2\poi-4.1.2.jar;C:\Users\kanwaljeetsingh\.m2\repository\commons-codec\commons-codec\1.13\commons-codec-1.13.jar;C:\Users\kanwaljeetsingh\.m2\repository\org\apache\commons\commons-collections4\4.4\commons-collections4-4.4.jar;C:\Users\kanwaljeetsingh\.m2\repository\org\apache\commons\commons-math3\3.6.1\commons-math3-3.6.1.jar;C:\Users\kanwaljeetsingh\.m2\repository\com\zaxxer\SparseBitSet\1.2\SparseBitSet-1.2.jar;C:\Users\kanwaljeetsingh\.m2\repository\org\apache\poi\poi-ooxml\4.1.2\poi-ooxml-4.1.2.jar;C:\Users\kanwaljeetsingh\.m2\repository\org\apache\poi\poi-ooxml-schemas\4.1.2\poi-ooxml-schemas-4.1.2.jar;C:\Users\kanwaljeetsingh\.m2\repository\org\apache\xmlbeans\xmlbeans\3.1.0\xmlbeans-3.1.0.jar;C:\Users\kanwaljeetsingh\.m2\repository\org\apache\commons\commons-compress\1.19\commons-compress-1.19.jar;C:\Users\kanwaljeetsingh\.m2\repository\com\github\virtuald\curvesapi\1.06\curvesapi-1.06.jar;C:\Users\kanwaljeetsingh\.m2\repository\com\aventstack\extentreports\4.0.9\extentreports-4.0.9.jar;C:\Users\kanwaljeetsingh\.m2\repository\org\freemarker\freemarker\2.3.23\freemarker-2.3.23.jar;C:\Users\kanwaljeetsingh\.m2\repository\org\mongodb\mongodb-driver\3.3.0\mongodb-driver-3.3.0.jar;C:\Users\kanwaljeetsingh\.m2\repository\org\mongodb\mongodb-driver-core\3.3.0\mongodb-driver-core-3.3.0.jar;C:\Users\kanwaljeetsingh\.m2\repository\org\mongodb\bson\3.3.0\bson-3.3.0.jar;C:\Users\kanwaljeetsingh\.m2\repository\org\apache\httpcomponents\httpclient\4.5.2\httpclient-4.5.2.jar;C:\Users\kanwaljeetsingh\.m2\repository\org\apache\httpcomponents\httpcore\4.4.4\httpcore-4.4.4.jar;C:\Users\kanwaljeetsingh\.m2\repository\commons-logging\commons-logging\1.2\commons-logging-1.2.jar;C:\Users\kanwaljeetsingh\.m2\repository\org\apache\httpcomponents\httpmime\4.5.2\httpmime-4.5.2.jar;C:\Users\kanwaljeetsingh\.m2\repository\com\google\code\gson\gson\2.8.5\gson-2.8.5.jar;C:\Users\kanwaljeetsingh\.m2\repository\commons-io\commons-io\2.6\commons-io-2.6.jar;C:\Users\kanwaljeetsingh\.m2\repository\log4j\log4j\1.2.17\log4j-1.2.17.jar;C:\Users\kanwaljeetsingh\.m2\repository\io\github\bonigarcia\webdrivermanager\4.0.0\webdrivermanager-4.0.0.jar;C:\Users\kanwaljeetsingh\.m2\repository\org\slf4j\slf4j-api\1.7.30\slf4j-api-1.7.30.jar;C:\Users\kanwaljeetsingh\.m2\repository\org\apache\commons\commons-lang3\3.10\commons-lang3-3.10.jar;C:\Users\kanwaljeetsingh\.m2\repository\org\apache\httpcomponents\client5\httpclient5\5.0\httpclient5-5.0.jar;C:\Users\kanwaljeetsingh\.m2\repository\org\apache\httpcomponents\core5\httpcore5\5.0\httpcore5-5.0.jar;C:\Users\kanwaljeetsingh\.m2\repository\org\apache\httpcomponents\core5\httpcore5-h2\5.0\httpcore5-h2-5.0.jar;C:\Users\kanwaljeetsingh\.m2\repository\org\rauschig\jarchivelib\1.0.0\jarchivelib-1.0.0.jar;C:\Users\kanwaljeetsingh\.m2\repository\org\jsoup\jsoup\1.13.1\jsoup-1.13.1.jar
Launcher Type: SUN_STANDARD

[Global flags]
     intx CICompilerCount                          = 4                                         {product} {ergonomic}
     uint ConcGCThreads                            = 2                                         {product} {ergonomic}
     uint G1ConcRefinementThreads                  = 8                                         {product} {ergonomic}
   size_t G1HeapRegionSize                         = 2097152                                   {product} {ergonomic}
    uintx GCDrainStackTargetSize                   = 64                                        {product} {ergonomic}
   size_t InitialHeapSize                          = 266338304                                 {product} {ergonomic}
   size_t MarkStackSize                            = 4194304                                   {product} {ergonomic}
   size_t MaxHeapSize                              = 4246732800                                {product} {ergonomic}
   size_t MinHeapDeltaBytes                        = 2097152                                   {product} {ergonomic}
   size_t MinHeapSize                              = 8388608                                   {product} {ergonomic}
    uintx NonNMethodCodeHeapSize                   = 5839372                                {pd product} {ergonomic}
    uintx NonProfiledCodeHeapSize                  = 122909434                              {pd product} {ergonomic}
    uintx ProfiledCodeHeapSize                     = 122909434                              {pd product} {ergonomic}
    uintx ReservedCodeCacheSize                    = 251658240                              {pd product} {ergonomic}
     bool SegmentedCodeCache                       = true                                      {product} {ergonomic}
     bool ShowCodeDetailsInExceptionMessages       = true                                   {manageable} {command line}
   size_t SoftMaxHeapSize                          = 4246732800                             {manageable} {ergonomic}
     bool UseCompressedClassPointers               = true                           {product lp64_product} {ergonomic}
     bool UseCompressedOops                        = true                           {product lp64_product} {ergonomic}
     bool UseG1GC                                  = true                                      {product} {ergonomic}
     bool UseLargePagesIndividualAllocation        = false                                  {pd product} {ergonomic}

Logging:
Log output configuration:
 #0: stdout all=warning uptime,level,tags foldmultilines=false
 #1: stderr all=off uptime,level,tags foldmultilines=false

Environment Variables:
JAVA_HOME=C:\Program Files\Java\jdk-11.0.3
PATH=C:/Program Files/Java/jdk-11.0.3/bin/server;C:/Program Files/Java/jdk-11.0.3/bin;C:\Program Files\Common Files\Oracle\Java\javapath;C:\Program Files\Eclipse Adoptium\jdk-11.0.15.10-hotspot\bin;C:\WINDOWS\system32;C:\WINDOWS;C:\WINDOWS\System32\Wbem;C:\WINDOWS\System32\WindowsPowerShell\v1.0\;C:\WINDOWS\System32\OpenSSH\;C:\Program Files\Microsoft SQL Server\110\Tools\Binn\;C:\Program Files\Microsoft SQL Server\120\Tools\Binn\;C:\Program Files\Azure Data Studio\bin;C:\Program Files\Microsoft SQL Server\130\Tools\Binn\;C:\Program Files\dotnet\;C:\chromedriver;C:\geckodriver;D:\OneDrive - Nagarro\LEARNING\apache-maven-3.8.5\bin;C:\Program Files\Java\jdk-11.0.3\bin;C:\Program Files\PowerShell\7\;C:\iedriverserver;C:\edgedriver;C:\Users\kanwaljeetsingh\AppData\Local\Microsoft\WindowsApps;C:\Program Files\Azure Data Studio\bin;C:\Program Files\JetBrains\IntelliJ IDEA Educational Edition 2021.3.3\bin;;C:\chromedriver;C:\WINDOWS\system32;
USERNAME=kanwaljeetsingh
OS=Windows_NT
PROCESSOR_IDENTIFIER=Intel64 Family 6 Model 142 Stepping 12, GenuineIntel



---------------  S Y S T E M  ---------------

OS:
 Windows 11 , 64 bit Build 22000 (10.0.22000.675)
OS uptime: 6 days 14:09 hours

CPU: total 8 (initial active 8) (4 cores per cpu, 2 threads per core) family 6 model 142 stepping 12 microcode 0xf0, cx8, cmov, fxsr, ht, mmx, 3dnowpref, sse, sse2, sse3, ssse3, sse4.1, sse4.2, popcnt, lzcnt, tsc, tscinvbit, avx, avx2, aes, erms, clmul, bmi1, bmi2, adx, fma, vzeroupper, clflush, clflushopt

Memory: 4k page, system-wide physical 16194M (1836M free)
TotalPageFile size 33586M (AvailPageFile size 182M)
current process WorkingSet (physical memory assigned to process): 11M, peak: 11M
current process commit charge ("private bytes"): 60M, peak: 314M

vm_info: Java HotSpot(TM) 64-Bit Server VM (18.0.1.1+2-6) for windows-amd64 JRE (18.0.1.1+2-6), built on Apr 25 2022 21:53:15 by "mach5one" with MS VC++ 16.8 / 16.9 (VS2019)

END.
